<?xml version="1.0" encoding="utf-8"?><testsuites name="pytest tests"><testsuite name="pytest" errors="0" failures="1" skipped="0" tests="18" time="6.481" timestamp="2026-05-05T04:15:42.282968+00:00" hostname="agent-env-d63f6dcd-7110-436f-9f30-e6d2321d0cec"><testcase classname="backend.tests.backend_test.TestAuth" name="test_health" time="0.248" /><testcase classname="backend.tests.backend_test.TestAuth" name="test_register_and_me" time="0.363"><failure message="AssertionError: assert 'test_07d39e49@example.com' == 'TEST_07d39e49@example.com'&#10;  &#10;  - TEST_07d39e49@example.com&#10;  ? ^^^^&#10;  + test_07d39e49@example.com&#10;  ? ^^^^">backend/tests/backend_test.py:58: in test_register_and_me
    assert data["email"] == email
E   AssertionError: assert 'test_07d39e49@example.com' == 'TEST_07d39e49@example.com'
E     
E     - TEST_07d39e49@example.com
E     ? ^^^^
E     + test_07d39e49@example.com
E     ? ^^^^</failure></testcase><testcase classname="backend.tests.backend_test.TestAuth" name="test_login_vendor_seeded" time="0.368" /><testcase classname="backend.tests.backend_test.TestAuth" name="test_login_admin_seeded" time="0.448" /><testcase classname="backend.tests.backend_test.TestAuth" name="test_login_wrong_password" time="0.396" /><testcase classname="backend.tests.backend_test.TestProducts" name="test_list_products_seeded" time="0.495" /><testcase classname="backend.tests.backend_test.TestProducts" name="test_create_get_update_delete" time="0.410" /><testcase classname="backend.tests.backend_test.TestProducts" name="test_multitenancy_isolation" time="0.732" /><testcase classname="backend.tests.backend_test.TestOrders" name="test_list_orders" time="0.119" /><testcase classname="backend.tests.backend_test.TestOrders" name="test_filter_by_status" time="0.210" /><testcase classname="backend.tests.backend_test.TestOrders" name="test_update_status" time="0.224" /><testcase classname="backend.tests.backend_test.TestOrders" name="test_invalid_status_rejected" time="0.178" /><testcase classname="backend.tests.backend_test.TestDashboard" name="test_dashboard_stats" time="0.146" /><testcase classname="backend.tests.backend_test.TestAdmin" name="test_admin_endpoints_reject_vendor" time="0.156" /><testcase classname="backend.tests.backend_test.TestAdmin" name="test_admin_list_vendors" time="0.547" /><testcase classname="backend.tests.backend_test.TestAdmin" name="test_admin_stats" time="0.137" /><testcase classname="backend.tests.backend_test.TestAdmin" name="test_admin_toggle_vendor_suspend_login_403_then_reactivate" time="0.937" /><testcase classname="backend.tests.backend_test.TestAdmin" name="test_admin_invalid_status" time="0.161" /></testsuite></testsuites>